04:12:28 **** Incremental Build of configuration Release for project Menu01 ****
make all 
Building file: ../main.c
Invoking: AVR Compiler
avr-gcc -Wall -Os -fpack-struct -fshort-enums -ffunction-sections -fdata-sections -std=gnu99 -funsigned-char -funsigned-bitfields -mmcu=atmega328 -DF_CPU=1000000UL -MMD -MP -MF"main.d" -MT"main.d" -c -o "main.o" "../main.c"
../main.c: In function 'adjust_value':
../main.c:164: warning: 'context' may be used uninitialized in this function
Finished building: ../main.c
 
Building target: Menu01.elf
Invoking: AVR C Linker
avr-gcc -Wl,-Map,Menu01.map -mmcu=atmega328 -o "Menu01.elf"  ./lcd.o ./main.o ./tinymenu.o   
Finished building target: Menu01.elf
 
Invoking: AVR Create Extended Listing
avr-objdump -h -S Menu01.elf  >"Menu01.lss"
Finished building: Menu01.lss
 
Create Flash image (ihex format)
avr-objcopy -R .eeprom -R .fuse -R .lock -R .signature -O ihex Menu01.elf  "Menu01.hex"
Finished building: Menu01.hex
 
Create eeprom image (ihex format)
avr-objcopy -j .eeprom --no-change-warnings --change-section-lma .eeprom=0 -O ihex Menu01.elf  "Menu01.eep"
Finished building: Menu01.eep
 
Invoking: Print Size
avr-size --format=avr --mcu=atmega328 Menu01.elf
AVR Memory Usage
----------------
Device: atmega328

Program:    1948 bytes (5.9% Full)
(.text + .data + .bootloader)

Data:        598 bytes (29.2% Full)
(.data + .bss + .noinit)


Finished building: sizedummy
 

04:12:28 Build Finished (took 480ms)

